
[1m[46m RUN [49m[22m [36mv4.1.0 [39m[90m/Users/affandar/workshop/drox/pilotswarm/packages/sdk[39m

[90mstdout[2m | test/perf/spawn.perf.test.js[2m > [22m[2mPerf: Spawn[2m > [22m[2mSingle Spawn
[22m[39m[PilotSwarmWorker] Loaded: framework base prompt; 1 skill dir(s)

[90mstdout[2m | test/perf/spawn.perf.test.js[2m > [22m[2mPerf: Spawn[2m > [22m[2mSequential Spawns
[22m[39m[PilotSwarmWorker] Loaded: framework base prompt; 1 skill dir(s)

 [31m×[39m test/perf/spawn.perf.test.js[2m > [22mPerf: Spawn[2m > [22mSingle Spawn[33m 245644[2mms[22m[39m
[31m   → Timed out waiting for 1 new child session(s). Visible=0, started=0[39m
[90mstdout[2m | test/perf/spawn.perf.test.js[2m > [22m[2mPerf: Spawn[2m > [22m[2mSame-Turn Fanout
[22m[39m[PilotSwarmWorker] Loaded: framework base prompt; 1 skill dir(s)

 [31m×[39m test/perf/spawn.perf.test.js[2m > [22mPerf: Spawn[2m > [22mSequential Spawns[33m 245668[2mms[22m[39m
[31m   → Timed out waiting for 1 new child session(s). Visible=0, started=0[39m
 [31m×[39m test/perf/spawn.perf.test.js[2m > [22mPerf: Spawn[2m > [22mSame-Turn Fanout[33m 245609[2mms[22m[39m
[31m   → Timed out waiting for 3 new child session(s). Visible=0, started=0[39m

[2m Test Files [22m [1m[31m1 failed[39m[22m[90m (1)[39m
[2m      Tests [22m [1m[31m3 failed[39m[22m[90m (3)[39m
[2m   Start at [22m 18:45:17
[2m   Duration [22m 737.63s[2m (transform 373ms, setup 0ms, import 570ms, tests 736.95s, environment 0ms)[22m



[31m⎯⎯⎯⎯⎯⎯⎯[39m[1m[41m Failed Tests 3 [49m[22m[31m⎯⎯⎯⎯⎯⎯⎯[39m

[41m[1m FAIL [22m[49m test/perf/spawn.perf.test.js[2m > [22mPerf: Spawn[2m > [22mSingle Spawn
[31m[1mError[22m: Timed out waiting for 1 new child session(s). Visible=0, started=0[39m
[36m [2m❯[22m waitForNewChildren test/perf/spawn.perf.test.js:[2m111:11[22m[39m
    [90m109|[39m     const finalNewChildren = finalChildren.filter((child) => !baseline…
    [90m110|[39m     [35mthrow[39m [35mnew[39m [33mError[39m(
    [90m111|[39m         `Timed out waiting for ${expectedNewChildren} new child sessio…
    [90m   |[39m           [31m^[39m
    [90m112|[39m         `Visible=${finalNewChildren.length}, started=${finalNewChildre…
    [90m113|[39m     )[33m;[39m
[90m [2m❯[22m measureSpawnTurn test/perf/spawn.perf.test.js:[2m177:38[22m[39m
[90m [2m❯[22m test/perf/spawn.perf.test.js:[2m195:29[22m[39m
[90m [2m❯[22m withClient test/helpers/local-workers.js:[2m62:9[22m[39m
[90m [2m❯[22m measureSingleSpawn test/perf/spawn.perf.test.js:[2m191:9[22m[39m
[90m [2m❯[22m test/perf/spawn.perf.test.js:[2m319:15[22m[39m

[31m[2m⎯⎯⎯⎯⎯⎯⎯⎯⎯⎯⎯⎯⎯⎯⎯⎯⎯⎯⎯⎯⎯⎯⎯⎯[1/3]⎯[22m[39m

[41m[1m FAIL [22m[49m test/perf/spawn.perf.test.js[2m > [22mPerf: Spawn[2m > [22mSequential Spawns
[31m[1mError[22m: Timed out waiting for 1 new child session(s). Visible=0, started=0[39m
[36m [2m❯[22m waitForNewChildren test/perf/spawn.perf.test.js:[2m111:11[22m[39m
    [90m109|[39m     const finalNewChildren = finalChildren.filter((child) => !baseline…
    [90m110|[39m     [35mthrow[39m [35mnew[39m [33mError[39m(
    [90m111|[39m         `Timed out waiting for ${expectedNewChildren} new child sessio…
    [90m   |[39m           [31m^[39m
    [90m112|[39m         `Visible=${finalNewChildren.length}, started=${finalNewChildre…
    [90m113|[39m     )[33m;[39m
[90m [2m❯[22m measureSpawnTurn test/perf/spawn.perf.test.js:[2m177:38[22m[39m
[90m [2m❯[22m test/perf/spawn.perf.test.js:[2m239:33[22m[39m
[90m [2m❯[22m withClient test/helpers/local-workers.js:[2m62:9[22m[39m
[90m [2m❯[22m measureSequentialSpawns test/perf/spawn.perf.test.js:[2m225:9[22m[39m
[90m [2m❯[22m test/perf/spawn.perf.test.js:[2m324:15[22m[39m

[31m[2m⎯⎯⎯⎯⎯⎯⎯⎯⎯⎯⎯⎯⎯⎯⎯⎯⎯⎯⎯⎯⎯⎯⎯⎯[2/3]⎯[22m[39m

[41m[1m FAIL [22m[49m test/perf/spawn.perf.test.js[2m > [22mPerf: Spawn[2m > [22mSame-Turn Fanout
[31m[1mError[22m: Timed out waiting for 3 new child session(s). Visible=0, started=0[39m
[36m [2m❯[22m waitForNewChildren test/perf/spawn.perf.test.js:[2m111:11[22m[39m
    [90m109|[39m     const finalNewChildren = finalChildren.filter((child) => !baseline…
    [90m110|[39m     [35mthrow[39m [35mnew[39m [33mError[39m(
    [90m111|[39m         `Timed out waiting for ${expectedNewChildren} new child sessio…
    [90m   |[39m           [31m^[39m
    [90m112|[39m         `Visible=${finalNewChildren.length}, started=${finalNewChildre…
    [90m113|[39m     )[33m;[39m
[90m [2m❯[22m measureSpawnTurn test/perf/spawn.perf.test.js:[2m177:38[22m[39m
[90m [2m❯[22m test/perf/spawn.perf.test.js:[2m281:29[22m[39m
[90m [2m❯[22m withClient test/helpers/local-workers.js:[2m62:9[22m[39m
[90m [2m❯[22m measureSameTurnFanout test/perf/spawn.perf.test.js:[2m277:9[22m[39m
[90m [2m❯[22m test/perf/spawn.perf.test.js:[2m329:15[22m[39m

[31m[2m⎯⎯⎯⎯⎯⎯⎯⎯⎯⎯⎯⎯⎯⎯⎯⎯⎯⎯⎯⎯⎯⎯⎯⎯[3/3]⎯[22m[39m

